  _myApp_.cpp
D:\Projects\ssu-opengl-final\include\sb7.h(1,1): warning C4819: 현재 코드 페이지(949)에서 표시할 수 없는 문자가 파일에 들어 있습니다. 데이터가 손실되지 않게 하려면 해당 파일을 유니코드 형식으로 저장하십시오.
D:\Projects\ssu-opengl-final\include\sb7ext.h(1,1): warning C4819: 현재 코드 페이지(949)에서 표시할 수 없는 문자가 파일에 들어 있습니다. 데이터가 손실되지 않게 하려면 해당 파일을 유니코드 형식으로 저장하십시오.
D:\Projects\ssu-opengl-final\include\vmath.h(1022,13): warning C4244: '초기화 중': 'double'에서 'float'(으)로 변환하면서 데이터가 손실될 수 있습니다.
D:\Projects\ssu-opengl-final\_myApp_\Model.h(213,1): warning C4267: '인수': 'size_t'에서 'GLsizei'(으)로 변환하면서 데이터가 손실될 수 있습니다.
D:\Projects\ssu-opengl-final\_myApp_\Model.h(215,1): warning C4267: '인수': 'size_t'에서 'GLsizei'(으)로 변환하면서 데이터가 손실될 수 있습니다.
D:\Projects\ssu-opengl-final\_myApp_\NormalModel.h(211,1): warning C4267: '인수': 'size_t'에서 'GLsizei'(으)로 변환하면서 데이터가 손실될 수 있습니다.
D:\Projects\ssu-opengl-final\_myApp_\NormalModel.h(213,1): warning C4267: '인수': 'size_t'에서 'GLsizei'(으)로 변환하면서 데이터가 손실될 수 있습니다.
D:\Projects\ssu-opengl-final\_myApp_\_myApp_.cpp(900,24): warning C4305: '초기화 중': 'double'에서 'float'(으)로 잘립니다.
D:\Projects\ssu-opengl-final\_myApp_\_myApp_.cpp(901,22): warning C4305: '초기화 중': 'double'에서 'float'(으)로 잘립니다.
D:\Projects\ssu-opengl-final\_myApp_\_myApp_.cpp(109,13): warning C4244: '인수': 'time_t'에서 'unsigned int'(으)로 변환하면서 데이터가 손실될 수 있습니다.
D:\Projects\ssu-opengl-final\_myApp_\_myApp_.cpp(461,1): warning C4244: '-=': 'double'에서 'float'(으)로 변환하면서 데이터가 손실될 수 있습니다.
D:\Projects\ssu-opengl-final\_myApp_\_myApp_.cpp(462,1): warning C4244: '+=': 'double'에서 'float'(으)로 변환하면서 데이터가 손실될 수 있습니다.
D:\Projects\ssu-opengl-final\_myApp_\_myApp_.cpp(467,23): warning C4244: '인수': 'double'에서 'T'(으)로 변환하면서 데이터가 손실될 수 있습니다.
          with
          [
              T=float
          ]
D:\Projects\ssu-opengl-final\_myApp_\_myApp_.cpp(466,7): warning C4244: '인수': 'double'에서 'T'(으)로 변환하면서 데이터가 손실될 수 있습니다.
          with
          [
              T=float
          ]
D:\Projects\ssu-opengl-final\_myApp_\_myApp_.cpp(465,23): warning C4244: '인수': 'double'에서 'T'(으)로 변환하면서 데이터가 손실될 수 있습니다.
          with
          [
              T=float
          ]
D:\Projects\ssu-opengl-final\_myApp_\_myApp_.cpp(473,7): warning C4244: '인수': 'double'에서 'T'(으)로 변환하면서 데이터가 손실될 수 있습니다.
          with
          [
              T=float
          ]
D:\Projects\ssu-opengl-final\_myApp_\_myApp_.cpp(471,7): warning C4244: '인수': 'double'에서 'T'(으)로 변환하면서 데이터가 손실될 수 있습니다.
          with
          [
              T=float
          ]
D:\Projects\ssu-opengl-final\_myApp_\_myApp_.cpp(479,29): warning C4244: '인수': 'double'에서 'const T'(으)로 변환하면서 데이터가 손실될 수 있습니다.
          with
          [
              T=float
          ]
D:\Projects\ssu-opengl-final\_myApp_\_myApp_.cpp(481,29): warning C4244: '인수': 'double'에서 'const T'(으)로 변환하면서 데이터가 손실될 수 있습니다.
          with
          [
              T=float
          ]
D:\Projects\ssu-opengl-final\_myApp_\_myApp_.cpp(487,25): warning C4244: '인수': 'double'에서 'const T'(으)로 변환하면서 데이터가 손실될 수 있습니다.
          with
          [
              T=float
          ]
D:\Projects\ssu-opengl-final\_myApp_\_myApp_.cpp(489,25): warning C4244: '인수': 'double'에서 'const T'(으)로 변환하면서 데이터가 손실될 수 있습니다.
          with
          [
              T=float
          ]
D:\Projects\ssu-opengl-final\_myApp_\_myApp_.cpp(568,15): warning C4244: '초기화 중': 'double'에서 'float'(으)로 변환하면서 데이터가 손실될 수 있습니다.
D:\Projects\ssu-opengl-final\_myApp_\_myApp_.cpp(630,16): warning C4244: '초기화 중': 'double'에서 'float'(으)로 변환하면서 데이터가 손실될 수 있습니다.
D:\Projects\ssu-opengl-final\_myApp_\_myApp_.cpp(752,16): warning C4244: '초기화 중': 'double'에서 'float'(으)로 변환하면서 데이터가 손실될 수 있습니다.
D:\Projects\ssu-opengl-final\_myApp_\_myApp_.cpp(764,16): warning C4244: '초기화 중': 'double'에서 'float'(으)로 변환하면서 데이터가 손실될 수 있습니다.
glfw3_d.lib(context.obj) : warning LNK4099: 'glfw3.pdb' PDB를 'glfw3_d.lib(context.obj)' 또는 'D:\Projects\ssu-opengl-final\bin\glfw3.pdb'에서 찾을 수 없습니다. 디버그 정보가 없는 것처럼 개체를 링크합니다.
glfw3_d.lib(gamma.obj) : warning LNK4099: 'glfw3.pdb' PDB를 'glfw3_d.lib(gamma.obj)' 또는 'D:\Projects\ssu-opengl-final\bin\glfw3.pdb'에서 찾을 수 없습니다. 디버그 정보가 없는 것처럼 개체를 링크합니다.
glfw3_d.lib(init.obj) : warning LNK4099: 'glfw3.pdb' PDB를 'glfw3_d.lib(init.obj)' 또는 'D:\Projects\ssu-opengl-final\bin\glfw3.pdb'에서 찾을 수 없습니다. 디버그 정보가 없는 것처럼 개체를 링크합니다.
glfw3_d.lib(input.obj) : warning LNK4099: 'glfw3.pdb' PDB를 'glfw3_d.lib(input.obj)' 또는 'D:\Projects\ssu-opengl-final\bin\glfw3.pdb'에서 찾을 수 없습니다. 디버그 정보가 없는 것처럼 개체를 링크합니다.
glfw3_d.lib(monitor.obj) : warning LNK4099: 'glfw3.pdb' PDB를 'glfw3_d.lib(monitor.obj)' 또는 'D:\Projects\ssu-opengl-final\bin\glfw3.pdb'에서 찾을 수 없습니다. 디버그 정보가 없는 것처럼 개체를 링크합니다.
glfw3_d.lib(time.obj) : warning LNK4099: 'glfw3.pdb' PDB를 'glfw3_d.lib(time.obj)' 또는 'D:\Projects\ssu-opengl-final\bin\glfw3.pdb'에서 찾을 수 없습니다. 디버그 정보가 없는 것처럼 개체를 링크합니다.
glfw3_d.lib(window.obj) : warning LNK4099: 'glfw3.pdb' PDB를 'glfw3_d.lib(window.obj)' 또는 'D:\Projects\ssu-opengl-final\bin\glfw3.pdb'에서 찾을 수 없습니다. 디버그 정보가 없는 것처럼 개체를 링크합니다.
glfw3_d.lib(win32_gamma.obj) : warning LNK4099: 'glfw3.pdb' PDB를 'glfw3_d.lib(win32_gamma.obj)' 또는 'D:\Projects\ssu-opengl-final\bin\glfw3.pdb'에서 찾을 수 없습니다. 디버그 정보가 없는 것처럼 개체를 링크합니다.
glfw3_d.lib(win32_init.obj) : warning LNK4099: 'glfw3.pdb' PDB를 'glfw3_d.lib(win32_init.obj)' 또는 'D:\Projects\ssu-opengl-final\bin\glfw3.pdb'에서 찾을 수 없습니다. 디버그 정보가 없는 것처럼 개체를 링크합니다.
glfw3_d.lib(win32_joystick.obj) : warning LNK4099: 'glfw3.pdb' PDB를 'glfw3_d.lib(win32_joystick.obj)' 또는 'D:\Projects\ssu-opengl-final\bin\glfw3.pdb'에서 찾을 수 없습니다. 디버그 정보가 없는 것처럼 개체를 링크합니다.
glfw3_d.lib(win32_monitor.obj) : warning LNK4099: 'glfw3.pdb' PDB를 'glfw3_d.lib(win32_monitor.obj)' 또는 'D:\Projects\ssu-opengl-final\bin\glfw3.pdb'에서 찾을 수 없습니다. 디버그 정보가 없는 것처럼 개체를 링크합니다.
glfw3_d.lib(win32_time.obj) : warning LNK4099: 'glfw3.pdb' PDB를 'glfw3_d.lib(win32_time.obj)' 또는 'D:\Projects\ssu-opengl-final\bin\glfw3.pdb'에서 찾을 수 없습니다. 디버그 정보가 없는 것처럼 개체를 링크합니다.
glfw3_d.lib(win32_window.obj) : warning LNK4099: 'glfw3.pdb' PDB를 'glfw3_d.lib(win32_window.obj)' 또는 'D:\Projects\ssu-opengl-final\bin\glfw3.pdb'에서 찾을 수 없습니다. 디버그 정보가 없는 것처럼 개체를 링크합니다.
glfw3_d.lib(wgl_context.obj) : warning LNK4099: 'glfw3.pdb' PDB를 'glfw3_d.lib(wgl_context.obj)' 또는 'D:\Projects\ssu-opengl-final\bin\glfw3.pdb'에서 찾을 수 없습니다. 디버그 정보가 없는 것처럼 개체를 링크합니다.
  _myApp_.vcxproj -> D:\Projects\ssu-opengl-final\bin\_myApp_.exe
